<?xml version="1.0" encoding="UTF-8"?>
<!-- Generated by org.testng.reporters.JUnitReportReporter -->
<testsuite hostname="Barapido-Arving" failures="0" tests="2" name="test.GetAndPostExamples" time="2.535" errors="0" timestamp="2023-12-11T11:23:04 PST" skipped="0">
  <testcase classname="test.GetAndPostExamples" name="testGet" time="1.773"/>
  <system-out/>
  <testcase classname="test.GetAndPostExamples" name="testPost" time="0.762"/>
  <system-out/>
</testsuite> <!-- test.GetAndPostExamples -->
