<?xml version="1.0" encoding="UTF-8"?>
<!-- Generated by org.testng.reporters.JUnitReportReporter -->
<testsuite hostname="Barapido-Arving" failures="0" tests="3" name="test.PutPatchAndDelete" time="4.953" errors="0" timestamp="2023-12-11T13:32:52 PST" skipped="0">
  <testcase classname="test.PutPatchAndDelete" name="testPut" time="1.052"/>
  <system-out/>
  <testcase classname="test.PutPatchAndDelete" name="testDelete" time="2.921"/>
  <system-out/>
  <testcase classname="test.PutPatchAndDelete" name="testPatch" time="0.980"/>
  <system-out/>
</testsuite> <!-- test.PutPatchAndDelete -->
