<?xml version="1.0" encoding="UTF-8"?>
<!-- Generated by org.testng.reporters.JUnitReportReporter -->
<testsuite hostname="Barapido-Arving" failures="0" tests="2" name="test.TestsSample" time="4.152" errors="0" timestamp="2023-12-08T16:23:21 PST" skipped="0">
  <testcase classname="test.TestsSample" name="test_2" time="0.973"/>
  <system-out/>
  <testcase classname="test.TestsSample" name="test_1" time="3.179"/>
  <system-out/>
</testsuite> <!-- test.TestsSample -->
